  Packet.cpp
f:\downloads\vcpkg\installed\x86-windows\include\google\protobuf\stubs\logging.h(100): warning C4251: 'google::protobuf::internal::LogMessage::message_': class 'std::basic_string<char,std::char_traits<char>,std::allocator<char>>'에서는 class 'google::protobuf::internal::LogMessage'의 클라이언트에서 DLL 인터페이스를 사용하도록 지정해야 합니다.
  c:\program files (x86)\microsoft visual studio\2017\community\vc\tools\msvc\14.16.27023\include\xstring(4373): note: 'std::basic_string<char,std::char_traits<char>,std::allocator<char>>' 선언을 참조하십시오.
f:\downloads\vcpkg\installed\x86-windows\include\google\protobuf\stubs\mutex.h(58): warning C4251: 'google::protobuf::internal::WrappedMutex::mu_': class 'std::mutex'에서는 class 'google::protobuf::internal::WrappedMutex'의 클라이언트에서 DLL 인터페이스를 사용하도록 지정해야 합니다.
  c:\program files (x86)\microsoft visual studio\2017\community\vc\tools\msvc\14.16.27023\include\mutex(82): note: 'std::mutex' 선언을 참조하십시오.
f:\downloads\vcpkg\installed\x86-windows\include\google\protobuf\io\coded_stream.h(867): warning C4251: 'google::protobuf::io::CodedOutputStream::default_serialization_deterministic_': struct 'std::atomic<bool>'에서는 class 'google::protobuf::io::CodedOutputStream'의 클라이언트에서 DLL 인터페이스를 사용하도록 지정해야 합니다.
  c:\program files (x86)\microsoft visual studio\2017\community\vc\tools\msvc\14.16.27023\include\xxatomic(162): note: 'std::atomic<bool>' 선언을 참조하십시오.
f:\downloads\vcpkg\installed\x86-windows\include\google\protobuf\arena_impl.h(249): warning C4251: 'google::protobuf::internal::ArenaImpl::lifecycle_id_generator_': struct 'std::atomic<__int64>'에서는 class 'google::protobuf::internal::ArenaImpl'의 클라이언트에서 DLL 인터페이스를 사용하도록 지정해야 합니다.
  c:\program files (x86)\microsoft visual studio\2017\community\vc\tools\msvc\14.16.27023\include\xxatomic(162): note: 'std::atomic<__int64>' 선언을 참조하십시오.
f:\downloads\vcpkg\installed\x86-windows\include\google\protobuf\arena_impl.h(284): warning C4251: 'google::protobuf::internal::ArenaImpl::threads_': struct 'std::atomic<google::protobuf::internal::ArenaImpl::SerialArena *>'에서는 class 'google::protobuf::internal::ArenaImpl'의 클라이언트에서 DLL 인터페이스를 사용하도록 지정해야 합니다.
  f:\downloads\vcpkg\installed\x86-windows\include\google\protobuf\arena_impl.h(283): note: 'std::atomic<google::protobuf::internal::ArenaImpl::SerialArena *>' 선언을 참조하십시오.
f:\downloads\vcpkg\installed\x86-windows\include\google\protobuf\arena_impl.h(285): warning C4251: 'google::protobuf::internal::ArenaImpl::hint_': struct 'std::atomic<google::protobuf::internal::ArenaImpl::SerialArena *>'에서는 class 'google::protobuf::internal::ArenaImpl'의 클라이언트에서 DLL 인터페이스를 사용하도록 지정해야 합니다.
  f:\downloads\vcpkg\installed\x86-windows\include\google\protobuf\arena_impl.h(283): note: 'std::atomic<google::protobuf::internal::ArenaImpl::SerialArena *>' 선언을 참조하십시오.
f:\downloads\vcpkg\installed\x86-windows\include\google\protobuf\arena_impl.h(286): warning C4251: 'google::protobuf::internal::ArenaImpl::space_allocated_': struct 'std::atomic<unsigned int>'에서는 class 'google::protobuf::internal::ArenaImpl'의 클라이언트에서 DLL 인터페이스를 사용하도록 지정해야 합니다.
  c:\program files (x86)\microsoft visual studio\2017\community\vc\tools\msvc\14.16.27023\include\xxatomic(162): note: 'std::atomic<unsigned int>' 선언을 참조하십시오.
f:\downloads\vcpkg\installed\x86-windows\include\google\protobuf\arena_impl.h(298): warning C4251: 'google::protobuf::internal::ArenaImpl::options_': struct 'google::protobuf::internal::ArenaImpl::Options'에서는 class 'google::protobuf::internal::ArenaImpl'의 클라이언트에서 DLL 인터페이스를 사용하도록 지정해야 합니다.
  f:\downloads\vcpkg\installed\x86-windows\include\google\protobuf\arena_impl.h(66): note: 'google::protobuf::internal::ArenaImpl::Options' 선언을 참조하십시오.
f:\downloads\vcpkg\installed\x86-windows\include\google\protobuf\implicit_weak_message.h(86): warning C4251: 'google::protobuf::internal::ImplicitWeakMessage::data_': class 'std::basic_string<char,std::char_traits<char>,std::allocator<char>>'에서는 class 'google::protobuf::internal::ImplicitWeakMessage'의 클라이언트에서 DLL 인터페이스를 사용하도록 지정해야 합니다.
  c:\program files (x86)\microsoft visual studio\2017\community\vc\tools\msvc\14.16.27023\include\xstring(4373): note: 'std::basic_string<char,std::char_traits<char>,std::allocator<char>>' 선언을 참조하십시오.
f:\downloads\vcpkg\installed\x86-windows\include\google\protobuf\generated_message_util.h(330): warning C4251: 'google::protobuf::internal::CachedSize::size_': struct 'std::atomic<int>'에서는 class 'google::protobuf::internal::CachedSize'의 클라이언트에서 DLL 인터페이스를 사용하도록 지정해야 합니다.
  c:\program files (x86)\microsoft visual studio\2017\community\vc\tools\msvc\14.16.27023\include\xxatomic(162): note: 'std::atomic<int>' 선언을 참조하십시오.
f:\downloads\vcpkg\installed\x86-windows\include\google\protobuf\inlined_string_field.h(166): warning C4251: 'google::protobuf::internal::InlinedStringField::value_': class 'std::basic_string<char,std::char_traits<char>,std::allocator<char>>'에서는 class 'google::protobuf::internal::InlinedStringField'의 클라이언트에서 DLL 인터페이스를 사용하도록 지정해야 합니다.
  c:\program files (x86)\microsoft visual studio\2017\community\vc\tools\msvc\14.16.27023\include\xstring(4373): note: 'std::basic_string<char,std::char_traits<char>,std::allocator<char>>' 선언을 참조하십시오.
f:\downloads\vcpkg\installed\x86-windows\include\google\protobuf\metadata_lite.h(217): warning C4251: 'google::protobuf::internal::LiteUnknownFieldSetter::buffer_': class 'std::basic_string<char,std::char_traits<char>,std::allocator<char>>'에서는 class 'google::protobuf::internal::LiteUnknownFieldSetter'의 클라이언트에서 DLL 인터페이스를 사용하도록 지정해야 합니다.
  c:\program files (x86)\microsoft visual studio\2017\community\vc\tools\msvc\14.16.27023\include\xstring(4373): note: 'std::basic_string<char,std::char_traits<char>,std::allocator<char>>' 선언을 참조하십시오.
f:\downloads\vcpkg\installed\x86-windows\include\google\protobuf\descriptor.h(1806): warning C4251: 'google::protobuf::DescriptorPool::tables_': class 'std::unique_ptr<google::protobuf::DescriptorPool::Tables,std::default_delete<_Ty>>'에서는 class 'google::protobuf::DescriptorPool'의 클라이언트에서 DLL 인터페이스를 사용하도록 지정해야 합니다.
          with
          [
              _Ty=google::protobuf::DescriptorPool::Tables
          ]
  f:\downloads\vcpkg\installed\x86-windows\include\google\protobuf\descriptor.h(1806): note: 'std::unique_ptr<google::protobuf::DescriptorPool::Tables,std::default_delete<_Ty>>' 선언을 참조하십시오.
          with
          [
              _Ty=google::protobuf::DescriptorPool::Tables
          ]
f:\downloads\vcpkg\installed\x86-windows\include\google\protobuf\descriptor.h(1813): warning C4251: 'google::protobuf::DescriptorPool::unused_import_track_files_': class 'std::set<std::string,std::less<_Kty>,std::allocator<_Ty>>'에서는 class 'google::protobuf::DescriptorPool'의 클라이언트에서 DLL 인터페이스를 사용하도록 지정해야 합니다.
          with
          [
              _Kty=std::string,
              _Ty=std::string
          ]
  f:\downloads\vcpkg\installed\x86-windows\include\google\protobuf\descriptor.h(1813): note: 'std::set<std::string,std::less<_Kty>,std::allocator<_Ty>>' 선언을 참조하십시오.
          with
          [
              _Kty=std::string,
              _Ty=std::string
          ]
f:\downloads\vcpkg\installed\x86-windows\include\google\protobuf\extension_set.h(887): warning C4251: 'google::protobuf::internal::RepeatedPrimitiveDefaults::default_repeated_field_int32_': class 'google::protobuf::RepeatedField<int>'에서는 class 'google::protobuf::internal::RepeatedPrimitiveDefaults'의 클라이언트에서 DLL 인터페이스를 사용하도록 지정해야 합니다.
  f:\downloads\vcpkg\installed\x86-windows\include\google\protobuf\wire_format_lite.h(319): note: 'google::protobuf::RepeatedField<int>' 선언을 참조하십시오.
f:\downloads\vcpkg\installed\x86-windows\include\google\protobuf\extension_set.h(888): warning C4251: 'google::protobuf::internal::RepeatedPrimitiveDefaults::default_repeated_field_int64_': class 'google::protobuf::RepeatedField<google::protobuf::int64>'에서는 class 'google::protobuf::internal::RepeatedPrimitiveDefaults'의 클라이언트에서 DLL 인터페이스를 사용하도록 지정해야 합니다.
  f:\downloads\vcpkg\installed\x86-windows\include\google\protobuf\wire_format_lite.h(509): note: 'google::protobuf::RepeatedField<google::protobuf::int64>' 선언을 참조하십시오.
f:\downloads\vcpkg\installed\x86-windows\include\google\protobuf\extension_set.h(889): warning C4251: 'google::protobuf::internal::RepeatedPrimitiveDefaults::default_repeated_field_uint32_': class 'google::protobuf::RepeatedField<google::protobuf::uint32>'에서는 class 'google::protobuf::internal::RepeatedPrimitiveDefaults'의 클라이언트에서 DLL 인터페이스를 사용하도록 지정해야 합니다.
  f:\downloads\vcpkg\installed\x86-windows\include\google\protobuf\wire_format_lite.h(511): note: 'google::protobuf::RepeatedField<google::protobuf::uint32>' 선언을 참조하십시오.
f:\downloads\vcpkg\installed\x86-windows\include\google\protobuf\extension_set.h(890): warning C4251: 'google::protobuf::internal::RepeatedPrimitiveDefaults::default_repeated_field_uint64_': class 'google::protobuf::RepeatedField<google::protobuf::uint64>'에서는 class 'google::protobuf::internal::RepeatedPrimitiveDefaults'의 클라이언트에서 DLL 인터페이스를 사용하도록 지정해야 합니다.
  f:\downloads\vcpkg\installed\x86-windows\include\google\protobuf\wire_format_lite.h(513): note: 'google::protobuf::RepeatedField<google::protobuf::uint64>' 선언을 참조하십시오.
f:\downloads\vcpkg\installed\x86-windows\include\google\protobuf\extension_set.h(891): warning C4251: 'google::protobuf::internal::RepeatedPrimitiveDefaults::default_repeated_field_double_': class 'google::protobuf::RepeatedField<double>'에서는 class 'google::protobuf::internal::RepeatedPrimitiveDefaults'의 클라이언트에서 DLL 인터페이스를 사용하도록 지정해야 합니다.
  f:\downloads\vcpkg\installed\x86-windows\include\google\protobuf\wire_format_lite.h(529): note: 'google::protobuf::RepeatedField<double>' 선언을 참조하십시오.
f:\downloads\vcpkg\installed\x86-windows\include\google\protobuf\extension_set.h(892): warning C4251: 'google::protobuf::internal::RepeatedPrimitiveDefaults::default_repeated_field_float_': class 'google::protobuf::RepeatedField<float>'에서는 class 'google::protobuf::internal::RepeatedPrimitiveDefaults'의 클라이언트에서 DLL 인터페이스를 사용하도록 지정해야 합니다.
  f:\downloads\vcpkg\installed\x86-windows\include\google\protobuf\wire_format_lite.h(527): note: 'google::protobuf::RepeatedField<float>' 선언을 참조하십시오.
f:\downloads\vcpkg\installed\x86-windows\include\google\protobuf\extension_set.h(893): warning C4251: 'google::protobuf::internal::RepeatedPrimitiveDefaults::default_repeated_field_bool_': class 'google::protobuf::RepeatedField<bool>'에서는 class 'google::protobuf::internal::RepeatedPrimitiveDefaults'의 클라이언트에서 DLL 인터페이스를 사용하도록 지정해야 합니다.
  f:\downloads\vcpkg\installed\x86-windows\include\google\protobuf\wire_format_lite.h(531): note: 'google::protobuf::RepeatedField<bool>' 선언을 참조하십시오.
f:\downloads\vcpkg\installed\x86-windows\include\google\protobuf\duration.pb.h(40): warning C4251: 'protobuf_google_2fprotobuf_2fduration_2eproto::TableStruct::aux': union 'google::protobuf::internal::AuxillaryParseTableField'에서는 struct 'protobuf_google_2fprotobuf_2fduration_2eproto::TableStruct'의 클라이언트에서 DLL 인터페이스를 사용하도록 지정해야 합니다.
  f:\downloads\vcpkg\installed\x86-windows\include\google\protobuf\generated_message_table_driven.h(98): note: 'google::protobuf::internal::AuxillaryParseTableField' 선언을 참조하십시오.
f:\downloads\vcpkg\installed\x86-windows\include\google\protobuf\duration.pb.h(179): warning C4251: 'google::protobuf::Duration::_internal_metadata_': class 'google::protobuf::internal::InternalMetadataWithArena'에서는 class 'google::protobuf::Duration'의 클라이언트에서 DLL 인터페이스를 사용하도록 지정해야 합니다.
  f:\downloads\vcpkg\installed\x86-windows\include\google\protobuf\metadata.h(48): note: 'google::protobuf::internal::InternalMetadataWithArena' 선언을 참조하십시오.
f:\downloads\vcpkg\installed\x86-windows\include\google\protobuf\timestamp.pb.h(40): warning C4251: 'protobuf_google_2fprotobuf_2ftimestamp_2eproto::TableStruct::aux': union 'google::protobuf::internal::AuxillaryParseTableField'에서는 struct 'protobuf_google_2fprotobuf_2ftimestamp_2eproto::TableStruct'의 클라이언트에서 DLL 인터페이스를 사용하도록 지정해야 합니다.
  f:\downloads\vcpkg\installed\x86-windows\include\google\protobuf\generated_message_table_driven.h(98): note: 'google::protobuf::internal::AuxillaryParseTableField' 선언을 참조하십시오.
f:\downloads\vcpkg\installed\x86-windows\include\google\protobuf\timestamp.pb.h(179): warning C4251: 'google::protobuf::Timestamp::_internal_metadata_': class 'google::protobuf::internal::InternalMetadataWithArena'에서는 class 'google::protobuf::Timestamp'의 클라이언트에서 DLL 인터페이스를 사용하도록 지정해야 합니다.
  f:\downloads\vcpkg\installed\x86-windows\include\google\protobuf\metadata.h(48): note: 'google::protobuf::internal::InternalMetadataWithArena' 선언을 참조하십시오.
f:\downloads\vcpkg\installed\x86-windows\include\google\protobuf\io\zero_copy_stream_impl_lite.h(239): warning C4251: 'google::protobuf::io::CopyingInputStreamAdaptor::buffer_': class 'std::unique_ptr<google::protobuf::uint8 [],std::default_delete<_Ty>>'에서는 class 'google::protobuf::io::CopyingInputStreamAdaptor'의 클라이언트에서 DLL 인터페이스를 사용하도록 지정해야 합니다.
          with
          [
              _Ty=google::protobuf::uint8 []
          ]
  f:\downloads\vcpkg\installed\x86-windows\include\google\protobuf\io\zero_copy_stream_impl_lite.h(239): note: 'std::unique_ptr<google::protobuf::uint8 [],std::default_delete<_Ty>>' 선언을 참조하십시오.
          with
          [
              _Ty=google::protobuf::uint8 []
          ]
f:\downloads\vcpkg\installed\x86-windows\include\google\protobuf\io\zero_copy_stream_impl_lite.h(328): warning C4251: 'google::protobuf::io::CopyingOutputStreamAdaptor::buffer_': class 'std::unique_ptr<google::protobuf::uint8 [],std::default_delete<_Ty>>'에서는 class 'google::protobuf::io::CopyingOutputStreamAdaptor'의 클라이언트에서 DLL 인터페이스를 사용하도록 지정해야 합니다.
          with
          [
              _Ty=google::protobuf::uint8 []
          ]
  f:\downloads\vcpkg\installed\x86-windows\include\google\protobuf\io\zero_copy_stream_impl_lite.h(239): note: 'std::unique_ptr<google::protobuf::uint8 [],std::default_delete<_Ty>>' 선언을 참조하십시오.
          with
          [
              _Ty=google::protobuf::uint8 []
          ]
f:\downloads\vcpkg\installed\x86-windows\include\google\protobuf\map_field.h(146): warning C4251: 'google::protobuf::internal::MapFieldBase::state_': struct 'std::atomic<google::protobuf::internal::MapFieldBase::State>'에서는 class 'google::protobuf::internal::MapFieldBase'의 클라이언트에서 DLL 인터페이스를 사용하도록 지정해야 합니다.
  f:\downloads\vcpkg\installed\x86-windows\include\google\protobuf\map_field.h(146): note: 'std::atomic<google::protobuf::internal::MapFieldBase::State>' 선언을 참조하십시오.
f:\downloads\vcpkg\installed\x86-windows\include\google\protobuf\map_field.h(327): warning C4251: 'google::protobuf::internal::DynamicMapField::map_': class 'google::protobuf::Map<Key,T>'에서는 class 'google::protobuf::internal::DynamicMapField'의 클라이언트에서 DLL 인터페이스를 사용하도록 지정해야 합니다.
          with
          [
              Key=google::protobuf::MapKey,
              T=google::protobuf::MapValueRef
          ]
  f:\downloads\vcpkg\installed\x86-windows\include\google\protobuf\map_field.h(189): note: 'google::protobuf::Map<Key,T>' 선언을 참조하십시오.
          with
          [
              Key=google::protobuf::MapKey,
              T=google::protobuf::MapValueRef
          ]
f:\downloads\vcpkg\installed\x86-windows\include\google\protobuf\map_field.h(539): warning C4251: 'google::protobuf::MapKey::val_': union 'google::protobuf::MapKey::KeyValue'에서는 class 'google::protobuf::MapKey'의 클라이언트에서 DLL 인터페이스를 사용하도록 지정해야 합니다.
  f:\downloads\vcpkg\installed\x86-windows\include\google\protobuf\map_field.h(531): note: 'google::protobuf::MapKey::KeyValue' 선언을 참조하십시오.
  ServerManager.cpp
f:\downloads\vcpkg\installed\x86-windows\include\google\protobuf\stubs\logging.h(100): warning C4251: 'google::protobuf::internal::LogMessage::message_': class 'std::basic_string<char,std::char_traits<char>,std::allocator<char>>'에서는 class 'google::protobuf::internal::LogMessage'의 클라이언트에서 DLL 인터페이스를 사용하도록 지정해야 합니다.
  c:\program files (x86)\microsoft visual studio\2017\community\vc\tools\msvc\14.16.27023\include\xstring(4373): note: 'std::basic_string<char,std::char_traits<char>,std::allocator<char>>' 선언을 참조하십시오.
f:\downloads\vcpkg\installed\x86-windows\include\google\protobuf\stubs\mutex.h(58): warning C4251: 'google::protobuf::internal::WrappedMutex::mu_': class 'std::mutex'에서는 class 'google::protobuf::internal::WrappedMutex'의 클라이언트에서 DLL 인터페이스를 사용하도록 지정해야 합니다.
  c:\program files (x86)\microsoft visual studio\2017\community\vc\tools\msvc\14.16.27023\include\mutex(82): note: 'std::mutex' 선언을 참조하십시오.
f:\downloads\vcpkg\installed\x86-windows\include\google\protobuf\io\coded_stream.h(867): warning C4251: 'google::protobuf::io::CodedOutputStream::default_serialization_deterministic_': struct 'std::atomic<bool>'에서는 class 'google::protobuf::io::CodedOutputStream'의 클라이언트에서 DLL 인터페이스를 사용하도록 지정해야 합니다.
  c:\program files (x86)\microsoft visual studio\2017\community\vc\tools\msvc\14.16.27023\include\xxatomic(162): note: 'std::atomic<bool>' 선언을 참조하십시오.
f:\downloads\vcpkg\installed\x86-windows\include\google\protobuf\arena_impl.h(249): warning C4251: 'google::protobuf::internal::ArenaImpl::lifecycle_id_generator_': struct 'std::atomic<__int64>'에서는 class 'google::protobuf::internal::ArenaImpl'의 클라이언트에서 DLL 인터페이스를 사용하도록 지정해야 합니다.
  c:\program files (x86)\microsoft visual studio\2017\community\vc\tools\msvc\14.16.27023\include\xxatomic(162): note: 'std::atomic<__int64>' 선언을 참조하십시오.
f:\downloads\vcpkg\installed\x86-windows\include\google\protobuf\arena_impl.h(284): warning C4251: 'google::protobuf::internal::ArenaImpl::threads_': struct 'std::atomic<google::protobuf::internal::ArenaImpl::SerialArena *>'에서는 class 'google::protobuf::internal::ArenaImpl'의 클라이언트에서 DLL 인터페이스를 사용하도록 지정해야 합니다.
  f:\downloads\vcpkg\installed\x86-windows\include\google\protobuf\arena_impl.h(283): note: 'std::atomic<google::protobuf::internal::ArenaImpl::SerialArena *>' 선언을 참조하십시오.
f:\downloads\vcpkg\installed\x86-windows\include\google\protobuf\arena_impl.h(285): warning C4251: 'google::protobuf::internal::ArenaImpl::hint_': struct 'std::atomic<google::protobuf::internal::ArenaImpl::SerialArena *>'에서는 class 'google::protobuf::internal::ArenaImpl'의 클라이언트에서 DLL 인터페이스를 사용하도록 지정해야 합니다.
  f:\downloads\vcpkg\installed\x86-windows\include\google\protobuf\arena_impl.h(283): note: 'std::atomic<google::protobuf::internal::ArenaImpl::SerialArena *>' 선언을 참조하십시오.
f:\downloads\vcpkg\installed\x86-windows\include\google\protobuf\arena_impl.h(286): warning C4251: 'google::protobuf::internal::ArenaImpl::space_allocated_': struct 'std::atomic<unsigned int>'에서는 class 'google::protobuf::internal::ArenaImpl'의 클라이언트에서 DLL 인터페이스를 사용하도록 지정해야 합니다.
  c:\program files (x86)\microsoft visual studio\2017\community\vc\tools\msvc\14.16.27023\include\xxatomic(162): note: 'std::atomic<unsigned int>' 선언을 참조하십시오.
f:\downloads\vcpkg\installed\x86-windows\include\google\protobuf\arena_impl.h(298): warning C4251: 'google::protobuf::internal::ArenaImpl::options_': struct 'google::protobuf::internal::ArenaImpl::Options'에서는 class 'google::protobuf::internal::ArenaImpl'의 클라이언트에서 DLL 인터페이스를 사용하도록 지정해야 합니다.
  f:\downloads\vcpkg\installed\x86-windows\include\google\protobuf\arena_impl.h(66): note: 'google::protobuf::internal::ArenaImpl::Options' 선언을 참조하십시오.
f:\downloads\vcpkg\installed\x86-windows\include\google\protobuf\implicit_weak_message.h(86): warning C4251: 'google::protobuf::internal::ImplicitWeakMessage::data_': class 'std::basic_string<char,std::char_traits<char>,std::allocator<char>>'에서는 class 'google::protobuf::internal::ImplicitWeakMessage'의 클라이언트에서 DLL 인터페이스를 사용하도록 지정해야 합니다.
  c:\program files (x86)\microsoft visual studio\2017\community\vc\tools\msvc\14.16.27023\include\xstring(4373): note: 'std::basic_string<char,std::char_traits<char>,std::allocator<char>>' 선언을 참조하십시오.
f:\downloads\vcpkg\installed\x86-windows\include\google\protobuf\generated_message_util.h(330): warning C4251: 'google::protobuf::internal::CachedSize::size_': struct 'std::atomic<int>'에서는 class 'google::protobuf::internal::CachedSize'의 클라이언트에서 DLL 인터페이스를 사용하도록 지정해야 합니다.
  c:\program files (x86)\microsoft visual studio\2017\community\vc\tools\msvc\14.16.27023\include\xxatomic(162): note: 'std::atomic<int>' 선언을 참조하십시오.
f:\downloads\vcpkg\installed\x86-windows\include\google\protobuf\inlined_string_field.h(166): warning C4251: 'google::protobuf::internal::InlinedStringField::value_': class 'std::basic_string<char,std::char_traits<char>,std::allocator<char>>'에서는 class 'google::protobuf::internal::InlinedStringField'의 클라이언트에서 DLL 인터페이스를 사용하도록 지정해야 합니다.
  c:\program files (x86)\microsoft visual studio\2017\community\vc\tools\msvc\14.16.27023\include\xstring(4373): note: 'std::basic_string<char,std::char_traits<char>,std::allocator<char>>' 선언을 참조하십시오.
f:\downloads\vcpkg\installed\x86-windows\include\google\protobuf\metadata_lite.h(217): warning C4251: 'google::protobuf::internal::LiteUnknownFieldSetter::buffer_': class 'std::basic_string<char,std::char_traits<char>,std::allocator<char>>'에서는 class 'google::protobuf::internal::LiteUnknownFieldSetter'의 클라이언트에서 DLL 인터페이스를 사용하도록 지정해야 합니다.
  c:\program files (x86)\microsoft visual studio\2017\community\vc\tools\msvc\14.16.27023\include\xstring(4373): note: 'std::basic_string<char,std::char_traits<char>,std::allocator<char>>' 선언을 참조하십시오.
f:\downloads\vcpkg\installed\x86-windows\include\google\protobuf\descriptor.h(1806): warning C4251: 'google::protobuf::DescriptorPool::tables_': class 'std::unique_ptr<google::protobuf::DescriptorPool::Tables,std::default_delete<_Ty>>'에서는 class 'google::protobuf::DescriptorPool'의 클라이언트에서 DLL 인터페이스를 사용하도록 지정해야 합니다.
          with
          [
              _Ty=google::protobuf::DescriptorPool::Tables
          ]
  f:\downloads\vcpkg\installed\x86-windows\include\google\protobuf\descriptor.h(1806): note: 'std::unique_ptr<google::protobuf::DescriptorPool::Tables,std::default_delete<_Ty>>' 선언을 참조하십시오.
          with
          [
              _Ty=google::protobuf::DescriptorPool::Tables
          ]
f:\downloads\vcpkg\installed\x86-windows\include\google\protobuf\descriptor.h(1813): warning C4251: 'google::protobuf::DescriptorPool::unused_import_track_files_': class 'std::set<std::string,std::less<_Kty>,std::allocator<_Ty>>'에서는 class 'google::protobuf::DescriptorPool'의 클라이언트에서 DLL 인터페이스를 사용하도록 지정해야 합니다.
          with
          [
              _Kty=std::string,
              _Ty=std::string
          ]
  f:\downloads\vcpkg\installed\x86-windows\include\google\protobuf\descriptor.h(1813): note: 'std::set<std::string,std::less<_Kty>,std::allocator<_Ty>>' 선언을 참조하십시오.
          with
          [
              _Kty=std::string,
              _Ty=std::string
          ]
f:\downloads\vcpkg\installed\x86-windows\include\google\protobuf\extension_set.h(887): warning C4251: 'google::protobuf::internal::RepeatedPrimitiveDefaults::default_repeated_field_int32_': class 'google::protobuf::RepeatedField<int>'에서는 class 'google::protobuf::internal::RepeatedPrimitiveDefaults'의 클라이언트에서 DLL 인터페이스를 사용하도록 지정해야 합니다.
  f:\downloads\vcpkg\installed\x86-windows\include\google\protobuf\wire_format_lite.h(319): note: 'google::protobuf::RepeatedField<int>' 선언을 참조하십시오.
f:\downloads\vcpkg\installed\x86-windows\include\google\protobuf\extension_set.h(888): warning C4251: 'google::protobuf::internal::RepeatedPrimitiveDefaults::default_repeated_field_int64_': class 'google::protobuf::RepeatedField<google::protobuf::int64>'에서는 class 'google::protobuf::internal::RepeatedPrimitiveDefaults'의 클라이언트에서 DLL 인터페이스를 사용하도록 지정해야 합니다.
  f:\downloads\vcpkg\installed\x86-windows\include\google\protobuf\wire_format_lite.h(509): note: 'google::protobuf::RepeatedField<google::protobuf::int64>' 선언을 참조하십시오.
f:\downloads\vcpkg\installed\x86-windows\include\google\protobuf\extension_set.h(889): warning C4251: 'google::protobuf::internal::RepeatedPrimitiveDefaults::default_repeated_field_uint32_': class 'google::protobuf::RepeatedField<google::protobuf::uint32>'에서는 class 'google::protobuf::internal::RepeatedPrimitiveDefaults'의 클라이언트에서 DLL 인터페이스를 사용하도록 지정해야 합니다.
  f:\downloads\vcpkg\installed\x86-windows\include\google\protobuf\wire_format_lite.h(511): note: 'google::protobuf::RepeatedField<google::protobuf::uint32>' 선언을 참조하십시오.
f:\downloads\vcpkg\installed\x86-windows\include\google\protobuf\extension_set.h(890): warning C4251: 'google::protobuf::internal::RepeatedPrimitiveDefaults::default_repeated_field_uint64_': class 'google::protobuf::RepeatedField<google::protobuf::uint64>'에서는 class 'google::protobuf::internal::RepeatedPrimitiveDefaults'의 클라이언트에서 DLL 인터페이스를 사용하도록 지정해야 합니다.
  f:\downloads\vcpkg\installed\x86-windows\include\google\protobuf\wire_format_lite.h(513): note: 'google::protobuf::RepeatedField<google::protobuf::uint64>' 선언을 참조하십시오.
f:\downloads\vcpkg\installed\x86-windows\include\google\protobuf\extension_set.h(891): warning C4251: 'google::protobuf::internal::RepeatedPrimitiveDefaults::default_repeated_field_double_': class 'google::protobuf::RepeatedField<double>'에서는 class 'google::protobuf::internal::RepeatedPrimitiveDefaults'의 클라이언트에서 DLL 인터페이스를 사용하도록 지정해야 합니다.
  f:\downloads\vcpkg\installed\x86-windows\include\google\protobuf\wire_format_lite.h(529): note: 'google::protobuf::RepeatedField<double>' 선언을 참조하십시오.
f:\downloads\vcpkg\installed\x86-windows\include\google\protobuf\extension_set.h(892): warning C4251: 'google::protobuf::internal::RepeatedPrimitiveDefaults::default_repeated_field_float_': class 'google::protobuf::RepeatedField<float>'에서는 class 'google::protobuf::internal::RepeatedPrimitiveDefaults'의 클라이언트에서 DLL 인터페이스를 사용하도록 지정해야 합니다.
  f:\downloads\vcpkg\installed\x86-windows\include\google\protobuf\wire_format_lite.h(527): note: 'google::protobuf::RepeatedField<float>' 선언을 참조하십시오.
f:\downloads\vcpkg\installed\x86-windows\include\google\protobuf\extension_set.h(893): warning C4251: 'google::protobuf::internal::RepeatedPrimitiveDefaults::default_repeated_field_bool_': class 'google::protobuf::RepeatedField<bool>'에서는 class 'google::protobuf::internal::RepeatedPrimitiveDefaults'의 클라이언트에서 DLL 인터페이스를 사용하도록 지정해야 합니다.
  f:\downloads\vcpkg\installed\x86-windows\include\google\protobuf\wire_format_lite.h(531): note: 'google::protobuf::RepeatedField<bool>' 선언을 참조하십시오.
f:\downloads\vcpkg\installed\x86-windows\include\google\protobuf\duration.pb.h(40): warning C4251: 'protobuf_google_2fprotobuf_2fduration_2eproto::TableStruct::aux': union 'google::protobuf::internal::AuxillaryParseTableField'에서는 struct 'protobuf_google_2fprotobuf_2fduration_2eproto::TableStruct'의 클라이언트에서 DLL 인터페이스를 사용하도록 지정해야 합니다.
  f:\downloads\vcpkg\installed\x86-windows\include\google\protobuf\generated_message_table_driven.h(98): note: 'google::protobuf::internal::AuxillaryParseTableField' 선언을 참조하십시오.
f:\downloads\vcpkg\installed\x86-windows\include\google\protobuf\duration.pb.h(179): warning C4251: 'google::protobuf::Duration::_internal_metadata_': class 'google::protobuf::internal::InternalMetadataWithArena'에서는 class 'google::protobuf::Duration'의 클라이언트에서 DLL 인터페이스를 사용하도록 지정해야 합니다.
  f:\downloads\vcpkg\installed\x86-windows\include\google\protobuf\metadata.h(48): note: 'google::protobuf::internal::InternalMetadataWithArena' 선언을 참조하십시오.
f:\downloads\vcpkg\installed\x86-windows\include\google\protobuf\timestamp.pb.h(40): warning C4251: 'protobuf_google_2fprotobuf_2ftimestamp_2eproto::TableStruct::aux': union 'google::protobuf::internal::AuxillaryParseTableField'에서는 struct 'protobuf_google_2fprotobuf_2ftimestamp_2eproto::TableStruct'의 클라이언트에서 DLL 인터페이스를 사용하도록 지정해야 합니다.
  f:\downloads\vcpkg\installed\x86-windows\include\google\protobuf\generated_message_table_driven.h(98): note: 'google::protobuf::internal::AuxillaryParseTableField' 선언을 참조하십시오.
f:\downloads\vcpkg\installed\x86-windows\include\google\protobuf\timestamp.pb.h(179): warning C4251: 'google::protobuf::Timestamp::_internal_metadata_': class 'google::protobuf::internal::InternalMetadataWithArena'에서는 class 'google::protobuf::Timestamp'의 클라이언트에서 DLL 인터페이스를 사용하도록 지정해야 합니다.
  f:\downloads\vcpkg\installed\x86-windows\include\google\protobuf\metadata.h(48): note: 'google::protobuf::internal::InternalMetadataWithArena' 선언을 참조하십시오.
f:\downloads\vcpkg\installed\x86-windows\include\google\protobuf\io\zero_copy_stream_impl_lite.h(239): warning C4251: 'google::protobuf::io::CopyingInputStreamAdaptor::buffer_': class 'std::unique_ptr<google::protobuf::uint8 [],std::default_delete<_Ty>>'에서는 class 'google::protobuf::io::CopyingInputStreamAdaptor'의 클라이언트에서 DLL 인터페이스를 사용하도록 지정해야 합니다.
          with
          [
              _Ty=google::protobuf::uint8 []
          ]
  f:\downloads\vcpkg\installed\x86-windows\include\google\protobuf\io\zero_copy_stream_impl_lite.h(239): note: 'std::unique_ptr<google::protobuf::uint8 [],std::default_delete<_Ty>>' 선언을 참조하십시오.
          with
          [
              _Ty=google::protobuf::uint8 []
          ]
f:\downloads\vcpkg\installed\x86-windows\include\google\protobuf\io\zero_copy_stream_impl_lite.h(328): warning C4251: 'google::protobuf::io::CopyingOutputStreamAdaptor::buffer_': class 'std::unique_ptr<google::protobuf::uint8 [],std::default_delete<_Ty>>'에서는 class 'google::protobuf::io::CopyingOutputStreamAdaptor'의 클라이언트에서 DLL 인터페이스를 사용하도록 지정해야 합니다.
          with
          [
              _Ty=google::protobuf::uint8 []
          ]
  f:\downloads\vcpkg\installed\x86-windows\include\google\protobuf\io\zero_copy_stream_impl_lite.h(239): note: 'std::unique_ptr<google::protobuf::uint8 [],std::default_delete<_Ty>>' 선언을 참조하십시오.
          with
          [
              _Ty=google::protobuf::uint8 []
          ]
f:\downloads\vcpkg\installed\x86-windows\include\google\protobuf\map_field.h(146): warning C4251: 'google::protobuf::internal::MapFieldBase::state_': struct 'std::atomic<google::protobuf::internal::MapFieldBase::State>'에서는 class 'google::protobuf::internal::MapFieldBase'의 클라이언트에서 DLL 인터페이스를 사용하도록 지정해야 합니다.
  f:\downloads\vcpkg\installed\x86-windows\include\google\protobuf\map_field.h(146): note: 'std::atomic<google::protobuf::internal::MapFieldBase::State>' 선언을 참조하십시오.
f:\downloads\vcpkg\installed\x86-windows\include\google\protobuf\map_field.h(327): warning C4251: 'google::protobuf::internal::DynamicMapField::map_': class 'google::protobuf::Map<Key,T>'에서는 class 'google::protobuf::internal::DynamicMapField'의 클라이언트에서 DLL 인터페이스를 사용하도록 지정해야 합니다.
          with
          [
              Key=google::protobuf::MapKey,
              T=google::protobuf::MapValueRef
          ]
  f:\downloads\vcpkg\installed\x86-windows\include\google\protobuf\map_field.h(189): note: 'google::protobuf::Map<Key,T>' 선언을 참조하십시오.
          with
          [
              Key=google::protobuf::MapKey,
              T=google::protobuf::MapValueRef
          ]
f:\downloads\vcpkg\installed\x86-windows\include\google\protobuf\map_field.h(539): warning C4251: 'google::protobuf::MapKey::val_': union 'google::protobuf::MapKey::KeyValue'에서는 class 'google::protobuf::MapKey'의 클라이언트에서 DLL 인터페이스를 사용하도록 지정해야 합니다.
  f:\downloads\vcpkg\installed\x86-windows\include\google\protobuf\map_field.h(531): note: 'google::protobuf::MapKey::KeyValue' 선언을 참조하십시오.
c:\users\home\desktop\repos_serv\server\servermanager.cpp(124): warning C4477: 'fprintf' : 서식 문자열 '%d'에 'int' 형식의 인수가 필요하지만 variadic 인수 1의 형식이 'HANDLE'입니다.
c:\users\home\desktop\repos_serv\server\servermanager.cpp(231): warning C4996: 'inet_ntoa': Use inet_ntop() or InetNtop() instead or define _WINSOCK_DEPRECATED_NO_WARNINGS to disable deprecated API warnings
  c:\program files (x86)\windows kits\10\include\10.0.17134.0\um\winsock2.h(1848): note: 'inet_ntoa' 선언을 참조하십시오.
  코드를 생성하고 있습니다.
  7 of 2894 functions ( 0.2%) were compiled, the rest were copied from previous compilation.
    0 functions were new in current compilation
    10 functions had inline decision re-evaluated but remain unchanged
  코드를 생성했습니다.
  Server.vcxproj -> C:\Users\home\Desktop\repos_serv\Server\Release\Server.exe
