c:\users\home\desktop\repos_serv\server\release\vc141.pdb
c:\users\home\desktop\repos_serv\server\release\socketinfo.obj
c:\users\home\desktop\repos_serv\server\release\servmain.obj
c:\users\home\desktop\repos_serv\server\release\servermanager.obj
c:\users\home\desktop\repos_serv\server\release\room.obj
c:\users\home\desktop\repos_serv\server\release\room.pb.obj
c:\users\home\desktop\repos_serv\server\release\playstate.pb.obj
c:\users\home\desktop\repos_serv\server\release\data.pb.obj
c:\users\home\desktop\repos_serv\server\release\packet.obj
c:\users\home\desktop\repos_serv\server\release\ioinfo.obj
c:\users\home\desktop\repos_serv\server\release\errorhandle.obj
c:\users\home\desktop\repos_serv\server\release\server.exe
c:\users\home\desktop\repos_serv\server\release\server.pdb
c:\users\home\desktop\repos_serv\server\release\server.ipdb
c:\users\home\desktop\repos_serv\server\release\server.iobj
c:\users\home\desktop\repos_serv\server\release\vcpkg.applocal.log
c:\users\home\desktop\repos_serv\server\release\libprotobuf.dll
c:\users\home\desktop\repos_serv\server\release\server.tlog\cl.command.1.tlog
c:\users\home\desktop\repos_serv\server\release\server.tlog\cl.read.1.tlog
c:\users\home\desktop\repos_serv\server\release\server.tlog\cl.write.1.tlog
c:\users\home\desktop\repos_serv\server\release\server.tlog\link.command.1.tlog
c:\users\home\desktop\repos_serv\server\release\server.tlog\link.read.1.tlog
c:\users\home\desktop\repos_serv\server\release\server.tlog\link.write.1.tlog
c:\users\home\desktop\repos_serv\server\release\server.tlog\server.write.1u.tlog
